Character has 40 AP and is unarmed
* click click click *
Gaaah. Me wany smash heads!
Gaaah. Me wany smash heads!
* click click click *
* clack clack clack *
Character equips Plasma Rifle: apCost: 5, damage: 21

Character has 40 AP and wields a Plasma Rifle

Character attacks Super Mutant with a Plasma Rifle
* piouuu piouuu piouuu *
Character equips Power Fist: apCost: 8, damage: 50

Character attacks RadScorpion with a Power Fist
* pschhh... SBAM! *
Character has 27 AP and wields a Power Fist

Character equips Plasma Rifle: apCost: 5, damage: 21

Character has 27 AP and wields a Plasma Rifle

Character attacks RadScorpion with a Plasma Rifle
* piouuu piouuu piouuu *
Character has 22 AP and wields a Plasma Rifle

Character attacks RadScorpion with a Plasma Rifle
* piouuu piouuu piouuu *
* SPROTCH *
Character has 17 AP and wields a Plasma Rifle
MutantScorpion has 100 hitpoints

MutantScorpion has 100 hitpoints
Character attacks MutantScorpion with a Plasma Rifle
* piouuu piouuu piouuu *
Character has 12 AP and wields a Plasma Rifle
MutantScorpion has 82 hitpoints

Character equips Pan: apCost: 1, damage: 5

Character attacks MutantScorpion with a Pan
* SCHCLONG *
Character has 11 AP and wields a Pan
MutantScorpion has 80 hitpoints

* PROUT *
* SPROTCH *
Aaargh...
Aaargh...

