* shoots an ice bolt at bob *
* heals bob's wounds *

Copy and delete characters
Destroying Ice xp: 10...
Destroying Cure xp: 10...
* shoots an ice bolt at bob *
* heals bob's wounds *

Copy and delete materiaSource
Destroying Ice xp: 0...
Destroying Cure xp: 0...
* shoots an ice bolt at bob *

Assign and delete materiaSource
Destroying Ice xp: 0...
Destroying Cure xp: 0...
* heals bob's wounds *

Attempt to create and use unknown materia

Attempt to add too much materies

Deleting character copy
Destroying Ice xp: 20...
Destroying Cure xp: 20...
Destroying Ice xp: 10...
Destroying Cure xp: 10...

Deleting bob copy

Deleting materia source
Destroying Ice xp: 0...
Destroying Cure xp: 0...
